Using pre-set license
Built from '2020.3/release' branch; Version is '2020.3.27f1 (e759542391ea) revision 15161684'; Using compiler version '192528614'; Build Type 'Release'
OS: 'Windows 10  (10.0.19044) 64bit Professional' Language: 'ru' Physical Memory: 7612 MB
BatchMode: 1, IsHumanControllingUs: 0, StartBugReporterOnCrash: 0, Is64bit: 1, IsPro: 0

COMMAND LINE ARGUMENTS:
C:\Program Files\Unity\Hub\Editor\2020.3.27f1\Editor\Unity.exe
-adb2
-batchMode
-noUpm
-name
AssetImportWorker0
-projectPath
D:/My Unity Projects/Lovec Babochek
-logFile
Logs/AssetImportWorker0.log
-srvPort
53095
Successfully changed project path to: D:/My Unity Projects/Lovec Babochek
D:/My Unity Projects/Lovec Babochek
Using Asset Import Pipeline V2.
Refreshing native plugins compatible for Editor in 61.70 ms, found 2 plugins.
Preloading 0 native plugins for Editor in 0.00 ms.
Initialize engine version: 2020.3.27f1 (e759542391ea)
[Subsystems] Discovering subsystems at path C:/Program Files/Unity/Hub/Editor/2020.3.27f1/Editor/Data/Resources/UnitySubsystems
[Subsystems] Discovering subsystems at path D:/My Unity Projects/Lovec Babochek/Assets
GfxDevice: creating device client; threaded=0
Direct3D:
    Version:  Direct3D 11.0 [level 11.0]
    Renderer: NVIDIA GeForce GT 710 (ID=0x128b)
    Vendor:   
    VRAM:     2007 MB
    Driver:   27.21.14.5671
Initialize mono
Mono path[0] = 'C:/Program Files/Unity/Hub/Editor/2020.3.27f1/Editor/Data/Managed'
Mono path[1] = 'C:/Program Files/Unity/Hub/Editor/2020.3.27f1/Editor/Data/MonoBleedingEdge/lib/mono/unityjit'
Mono config path = 'C:/Program Files/Unity/Hub/Editor/2020.3.27f1/Editor/Data/MonoBleedingEdge/etc'
Using monoOptions --debugger-agent=transport=dt_socket,embedding=1,server=y,suspend=n,address=127.0.0.1:56416
Begin MonoManager ReloadAssembly
Registering precompiled unity dll's ...
Register platform support module: C:/Program Files/Unity/Hub/Editor/2020.3.27f1/Editor/Data/PlaybackEngines/WebGLSupport/UnityEditor.WebGL.Extensions.dll
Register platform support module: C:/Program Files/Unity/Hub/Editor/2020.3.27f1/Editor/Data/PlaybackEngines/WindowsStandaloneSupport/UnityEditor.WindowsStandalone.Extensions.dll
Registered in 0.006010 seconds.
Native extension for WindowsStandalone target not found
Native extension for WebGL target not found
Refreshing native plugins compatible for Editor in 58.22 ms, found 2 plugins.
Preloading 0 native plugins for Editor in 0.00 ms.
Mono: successfully reloaded assembly
- Completed reload, in  1.278 seconds
Domain Reload Profiling:
	ReloadAssembly (1278ms)
		BeginReloadAssembly (157ms)
			ExecutionOrderSort (0ms)
			DisableScriptedObjects (0ms)
			BackupInstance (0ms)
			ReleaseScriptingObjects (0ms)
			CreateAndSetChildDomain (1ms)
		EndReloadAssembly (960ms)
			LoadAssemblies (153ms)
			RebuildTransferFunctionScriptingTraits (0ms)
			SetupTypeCache (343ms)
			ReleaseScriptCaches (0ms)
			RebuildScriptCaches (60ms)
			SetupLoadedEditorAssemblies (318ms)
				LogAssemblyErrors (0ms)
				InitializePlatformSupportModulesInManaged (10ms)
				SetLoadedEditorAssemblies (1ms)
				RefreshPlugins (58ms)
				BeforeProcessingInitializeOnLoad (31ms)
				ProcessInitializeOnLoadAttributes (163ms)
				ProcessInitializeOnLoadMethodAttributes (54ms)
				AfterProcessingInitializeOnLoad (0ms)
				EditorAssembliesLoaded (0ms)
			ExecutionOrderSort2 (0ms)
			AwakeInstancesAfterBackupRestoration (0ms)
Platform modules already initialized, skipping
Registering precompiled user dll's ...
Registered in 0.006696 seconds.
Begin MonoManager ReloadAssembly
Native extension for WindowsStandalone target not found
Native extension for WebGL target not found
Refreshing native plugins compatible for Editor in 0.94 ms, found 2 plugins.
Preloading 0 native plugins for Editor in 0.00 ms.
Mono: successfully reloaded assembly
- Completed reload, in  2.050 seconds
Domain Reload Profiling:
	ReloadAssembly (2052ms)
		BeginReloadAssembly (306ms)
			ExecutionOrderSort (0ms)
			DisableScriptedObjects (9ms)
			BackupInstance (0ms)
			ReleaseScriptingObjects (0ms)
			CreateAndSetChildDomain (37ms)
		EndReloadAssembly (1620ms)
			LoadAssemblies (210ms)
			RebuildTransferFunctionScriptingTraits (0ms)
			SetupTypeCache (599ms)
			ReleaseScriptCaches (1ms)
			RebuildScriptCaches (84ms)
			SetupLoadedEditorAssemblies (599ms)
				LogAssemblyErrors (0ms)
				InitializePlatformSupportModulesInManaged (11ms)
				SetLoadedEditorAssemblies (1ms)
				RefreshPlugins (1ms)
				BeforeProcessingInitializeOnLoad (154ms)
				ProcessInitializeOnLoadAttributes (396ms)
				ProcessInitializeOnLoadMethodAttributes (19ms)
				AfterProcessingInitializeOnLoad (16ms)
				EditorAssembliesLoaded (0ms)
			ExecutionOrderSort2 (0ms)
			AwakeInstancesAfterBackupRestoration (13ms)
Platform modules already initialized, skipping
========================================================================
Worker process is ready to serve import requests
Launched and connected shader compiler UnityShaderCompiler.exe after 0.32 seconds
Refreshing native plugins compatible for Editor in 0.72 ms, found 2 plugins.
Preloading 0 native plugins for Editor in 0.00 ms.
Unloading 1562 Unused Serialized files (Serialized files now loaded: 0)
System memory in use before: 84.9 MB.
System memory in use after: 85.0 MB.

Unloading 19 unused Assets to reduce memory usage. Loaded Objects now: 2015.
Total: 5.306000 ms (FindLiveObjects: 0.310100 ms CreateObjectMapping: 0.076800 ms MarkObjects: 4.749400 ms  DeleteObjects: 0.166500 ms)

AssetImportParameters requested are different than current active one (requested -> active):
  custom:framework-win-MediaFoundation: 216162199b28c13a410421893ffa2e32 -> 
  custom:video-decoder-ogg-theora: a1e56fd34408186e4bbccfd4996cb3dc -> 
  custom:container-muxer-webm: aa71ff27fc2769a1b78a27578f13a17b -> 
  custom:container-demuxer-webm: 4f35f7cbe854078d1ac9338744f61a02 -> 
  custom:container-demuxer-ogg: 62fdf1f143b41e24485cea50d1cbac27 -> 
  custom:video-encoder-webm-vp8: eb34c28f22e8b96e1ab97ce403110664 -> 
  custom:video-decoder-webm-vp8: 9c59270c3fd7afecdb556c50c9e8de78 -> 
  custom:audio-decoder-ogg-vorbis: bf7c407c2cedff20999df2af8eb42d56 -> 
  custom:audio-encoder-webm-vorbis: bf7c407c2cedff20999df2af8eb42d56 -> 
========================================================================
Received Import Request.
  path: Assets/Scenes/SampleScene.unity
  artifactKey: Guid(9fc0d4010bbf28b4594072e72b8655ab) Importer(815301076,1909f56bfc062723c751e8b465ee728b)
Start importing Assets/Scenes/SampleScene.unity using Guid(9fc0d4010bbf28b4594072e72b8655ab) Importer(815301076,1909f56bfc062723c751e8b465ee728b)  -> (artifact id: '0fdd0cc07d0e542861ffc8c8e32200aa') in 0.032569 seconds 
  Import took 0.085700 seconds .

========================================================================
Received Import Request.
  Time since last request: 6.767405 seconds.
  path: Assets/Scenes/Info.unity
  artifactKey: Guid(32b3c3ff67767784891b960ac0225ddc) Importer(815301076,1909f56bfc062723c751e8b465ee728b)
Start importing Assets/Scenes/Info.unity using Guid(32b3c3ff67767784891b960ac0225ddc) Importer(815301076,1909f56bfc062723c751e8b465ee728b)  -> (artifact id: '45eb13613c169819191678b7a74a0b66') in 0.073458 seconds 
  Import took 0.092681 seconds .

========================================================================
Received Import Request.
  Time since last request: 18.565607 seconds.
  path: Assets/Scenes/OpenGame.unity
  artifactKey: Guid(903fcbc82da2dcf4dbc7d4dab9b84b83) Importer(815301076,1909f56bfc062723c751e8b465ee728b)
Start importing Assets/Scenes/OpenGame.unity using Guid(903fcbc82da2dcf4dbc7d4dab9b84b83) Importer(815301076,1909f56bfc062723c751e8b465ee728b)  -> (artifact id: '9097bb6d1fe4c368f7fcdb6d4a58eb8a') in 0.022582 seconds 
  Import took 0.077058 seconds .

========================================================================
Received Import Request.
  Time since last request: 2.873709 seconds.
  path: Assets/Scenes/SampleScene.unity
  artifactKey: Guid(9fc0d4010bbf28b4594072e72b8655ab) Importer(815301076,1909f56bfc062723c751e8b465ee728b)
Start importing Assets/Scenes/SampleScene.unity using Guid(9fc0d4010bbf28b4594072e72b8655ab) Importer(815301076,1909f56bfc062723c751e8b465ee728b)  -> (artifact id: '4eebaca4ac94505eab0c62908ab18c82') in 0.006174 seconds 
  Import took 0.010526 seconds .

========================================================================
Received Import Request.
  Time since last request: 176.248482 seconds.
  path: Assets/gratis-png-iconos-de-la-computadora-cruzan-eliminar-boton-escritorio-mapa-del-tesoro-thumbnail.png
  artifactKey: Guid(3ff91807231f10f45a227996d107223e) Importer(815301076,1909f56bfc062723c751e8b465ee728b)
Start importing Assets/gratis-png-iconos-de-la-computadora-cruzan-eliminar-boton-escritorio-mapa-del-tesoro-thumbnail.png using Guid(3ff91807231f10f45a227996d107223e) Importer(815301076,1909f56bfc062723c751e8b465ee728b)  -> (artifact id: '7e4de7e6405763a1c24b07f22c21376e') in 0.132101 seconds 
  Import took 0.151295 seconds .

========================================================================
Received Import Request.
  Time since last request: 119.895688 seconds.
  path: Assets/Asset/Terrain Assets/Trees/Materials/alder-alderbark.mat
  artifactKey: Guid(2e2c881dbd110e38a00062d88f962b59) Importer(815301076,1909f56bfc062723c751e8b465ee728b)
Start importing Assets/Asset/Terrain Assets/Trees/Materials/alder-alderbark.mat using Guid(2e2c881dbd110e38a00062d88f962b59) Importer(815301076,1909f56bfc062723c751e8b465ee728b)  -> (artifact id: 'e0f9d36d5fd621195d3a88951290e461') in 0.290616 seconds 
  Import took 0.313007 seconds .

========================================================================
Received Import Request.
  Time since last request: 0.552492 seconds.
  path: Assets/Asset/Terrain Assets/Trees/Materials/alderbranches.mat
  artifactKey: Guid(2b4c881dbd110e38a00062d88f962b59) Importer(815301076,1909f56bfc062723c751e8b465ee728b)
Start importing Assets/Asset/Terrain Assets/Trees/Materials/alderbranches.mat using Guid(2b4c881dbd110e38a00062d88f962b59) Importer(815301076,1909f56bfc062723c751e8b465ee728b)  -> (artifact id: '92355db86577abcf5b069dda8ef545ce') in 0.046634 seconds 
  Import took 0.053850 seconds .

========================================================================
Received Import Request.
  Time since last request: 0.000503 seconds.
  path: Assets/TextMesh Pro/Examples & Extras/Resources/Fonts & Materials/Anton SDF - Drop Shadow.mat
  artifactKey: Guid(749b9069dc4742c5bfa5c74644049926) Importer(815301076,1909f56bfc062723c751e8b465ee728b)
Start importing Assets/TextMesh Pro/Examples & Extras/Resources/Fonts & Materials/Anton SDF - Drop Shadow.mat using Guid(749b9069dc4742c5bfa5c74644049926) Importer(815301076,1909f56bfc062723c751e8b465ee728b)  -> (artifact id: '9b9a6dbab25d6543dfee2789e8fae952') in 0.321808 seconds 
  Import took 0.337229 seconds .

========================================================================
Received Import Request.
  Time since last request: 0.094533 seconds.
  path: Assets/TextMesh Pro/Examples & Extras/Resources/Fonts & Materials/Anton SDF - Outline.mat
  artifactKey: Guid(a00013af81304728b2be1f4309ee2433) Importer(815301076,1909f56bfc062723c751e8b465ee728b)
Start importing Assets/TextMesh Pro/Examples & Extras/Resources/Fonts & Materials/Anton SDF - Outline.mat using Guid(a00013af81304728b2be1f4309ee2433) Importer(815301076,1909f56bfc062723c751e8b465ee728b)  -> (artifact id: '2507f20aeeae8d98f86e4c2025440d37') in 0.148914 seconds 
  Import took 0.162330 seconds .

========================================================================
Received Import Request.
  Time since last request: 0.000325 seconds.
  path: Assets/TextMesh Pro/Examples & Extras/Resources/Fonts & Materials/Anton SDF.asset
  artifactKey: Guid(8a89fa14b10d46a99122fd4f73fca9a2) Importer(815301076,1909f56bfc062723c751e8b465ee728b)
Start importing Assets/TextMesh Pro/Examples & Extras/Resources/Fonts & Materials/Anton SDF.asset using Guid(8a89fa14b10d46a99122fd4f73fca9a2) Importer(815301076,1909f56bfc062723c751e8b465ee728b)  -> (artifact id: '68323e8d374608d813ed2b1ef86d31db') in 0.149621 seconds 
  Import took 0.170715 seconds .

========================================================================
Received Import Request.
  Time since last request: 0.000546 seconds.
  path: Assets/Asset/Track Assets/Materials/Arrow.mat
  artifactKey: Guid(690e31d2a351a014ca6e8f4bc744bb3f) Importer(815301076,1909f56bfc062723c751e8b465ee728b)
Start importing Assets/Asset/Track Assets/Materials/Arrow.mat using Guid(690e31d2a351a014ca6e8f4bc744bb3f) Importer(815301076,1909f56bfc062723c751e8b465ee728b)  -> (artifact id: '56a4a6664137526d11b247f27416884a') in 0.483907 seconds 
  Import took 0.506738 seconds .

========================================================================
Received Import Request.
  Time since last request: 0.000364 seconds.
  path: Assets/TextMesh Pro/Examples & Extras/Resources/Fonts & Materials/Bangers SDF - Outline.mat
  artifactKey: Guid(f629c6e43dba4bf38cb74d8860150664) Importer(815301076,1909f56bfc062723c751e8b465ee728b)
Start importing Assets/TextMesh Pro/Examples & Extras/Resources/Fonts & Materials/Bangers SDF - Outline.mat using Guid(f629c6e43dba4bf38cb74d8860150664) Importer(815301076,1909f56bfc062723c751e8b465ee728b)  -> (artifact id: 'f18b71994742d88d97c1c2a21580d2d7') in 0.116068 seconds 
  Import took 0.133080 seconds .

========================================================================
Received Import Request.
  Time since last request: 0.000565 seconds.
  path: Assets/TextMesh Pro/Examples & Extras/Resources/Fonts & Materials/Anton SDF - Sunny Days.mat
  artifactKey: Guid(6522f30e342599e4e9dd4cc2cc03c830) Importer(815301076,1909f56bfc062723c751e8b465ee728b)
Start importing Assets/TextMesh Pro/Examples & Extras/Resources/Fonts & Materials/Anton SDF - Sunny Days.mat using Guid(6522f30e342599e4e9dd4cc2cc03c830) Importer(815301076,1909f56bfc062723c751e8b465ee728b)  -> (artifact id: '3ab2dc3a4077b37fe1bf25fc2e34219a') in 0.307139 seconds 
  Import took 0.324301 seconds .

========================================================================
Received Import Request.
  Time since last request: 0.000402 seconds.
  path: Assets/TextMesh Pro/Examples & Extras/Resources/Fonts & Materials/Bangers SDF - Drop Shadow.mat
  artifactKey: Guid(f2dcf029949142e28b974630369c8b4e) Importer(815301076,1909f56bfc062723c751e8b465ee728b)
Start importing Assets/TextMesh Pro/Examples & Extras/Resources/Fonts & Materials/Bangers SDF - Drop Shadow.mat using Guid(f2dcf029949142e28b974630369c8b4e) Importer(815301076,1909f56bfc062723c751e8b465ee728b)  -> (artifact id: 'a0d5558f03e795f216f7f29785091b5c') in 0.079500 seconds 
  Import took 0.102495 seconds .

========================================================================
Received Import Request.
  Time since last request: 0.000328 seconds.
  path: Assets/TextMesh Pro/Examples & Extras/Resources/Fonts & Materials/Bangers SDF Glow.mat
  artifactKey: Guid(d75b8f41e959450c84ac6e967084d3e1) Importer(815301076,1909f56bfc062723c751e8b465ee728b)
Start importing Assets/TextMesh Pro/Examples & Extras/Resources/Fonts & Materials/Bangers SDF Glow.mat using Guid(d75b8f41e959450c84ac6e967084d3e1) Importer(815301076,1909f56bfc062723c751e8b465ee728b)  -> (artifact id: 'b0993877c1c0e22b53a69262c6ee2775') in 0.218655 seconds 
  Import took 0.243414 seconds .

========================================================================
Received Import Request.
  Time since last request: 0.000398 seconds.
  path: Assets/TextMesh Pro/Examples & Extras/Resources/Fonts & Materials/Bangers SDF Logo.mat
  artifactKey: Guid(f4e195ac1e204eff960149d1cb34e18c) Importer(815301076,1909f56bfc062723c751e8b465ee728b)
Start importing Assets/TextMesh Pro/Examples & Extras/Resources/Fonts & Materials/Bangers SDF Logo.mat using Guid(f4e195ac1e204eff960149d1cb34e18c) Importer(815301076,1909f56bfc062723c751e8b465ee728b)  -> (artifact id: '53a5ca144293083340976837f0521db0') in 0.564392 seconds 
  Import took 0.569784 seconds .

========================================================================
Received Import Request.
  Time since last request: 0.061042 seconds.
  path: Assets/TextMesh Pro/Examples & Extras/Resources/Fonts & Materials/Bangers SDF.asset
  artifactKey: Guid(125cb55b44b24c4393181402bc6200e6) Importer(815301076,1909f56bfc062723c751e8b465ee728b)
Start importing Assets/TextMesh Pro/Examples & Extras/Resources/Fonts & Materials/Bangers SDF.asset using Guid(125cb55b44b24c4393181402bc6200e6) Importer(815301076,1909f56bfc062723c751e8b465ee728b)  -> (artifact id: '7eb5546d68cecf2704727b21f9239786') in 0.149357 seconds 
  Import took 0.154922 seconds .

========================================================================
Received Import Request.
  Time since last request: 0.000443 seconds.
  path: Assets/Asset/Track Assets/Materials/Bridge Wall.mat
  artifactKey: Guid(4a959327ec1088146bdbf5a4dbb1cd50) Importer(815301076,1909f56bfc062723c751e8b465ee728b)
Start importing Assets/Asset/Track Assets/Materials/Bridge Wall.mat using Guid(4a959327ec1088146bdbf5a4dbb1cd50) Importer(815301076,1909f56bfc062723c751e8b465ee728b)  -> (artifact id: 'ed5d1d346e8c76f613d950056c8ccc49') in 0.072007 seconds 
  Import took 0.095407 seconds .

========================================================================
Received Import Request.
  Time since last request: 0.111522 seconds.
  path: Assets/TextMesh Pro/Examples & Extras/Materials/Crate - Surface Shader Scene.mat
  artifactKey: Guid(e6b9b44320f4448d9d5e0ee634259966) Importer(815301076,1909f56bfc062723c751e8b465ee728b)
Start importing Assets/TextMesh Pro/Examples & Extras/Materials/Crate - Surface Shader Scene.mat using Guid(e6b9b44320f4448d9d5e0ee634259966) Importer(815301076,1909f56bfc062723c751e8b465ee728b)  -> (artifact id: '82cf10a232fb1e9761a31632be84bc7c') in 0.412548 seconds 
  Import took 0.467950 seconds .

========================================================================
Received Import Request.
  Time since last request: 0.000301 seconds.
  path: Assets/Asset/Track Assets/Materials/dev_256_gr_128x.mat
  artifactKey: Guid(35917b8b208b45d44a73b17e937fe997) Importer(815301076,1909f56bfc062723c751e8b465ee728b)
Start importing Assets/Asset/Track Assets/Materials/dev_256_gr_128x.mat using Guid(35917b8b208b45d44a73b17e937fe997) Importer(815301076,1909f56bfc062723c751e8b465ee728b)  -> (artifact id: 'a353fbaddafe70a2eb1e413baf424ce6') in 0.387178 seconds 
  Import took 0.415968 seconds .

========================================================================
Received Import Request.
  Time since last request: 0.000434 seconds.
  path: Assets/TextMesh Pro/Examples & Extras/Resources/Fonts & Materials/Electronic Highway Sign SDF.asset
  artifactKey: Guid(dc36b3fdc14f47ebb36fd484a67e268a) Importer(815301076,1909f56bfc062723c751e8b465ee728b)
Start importing Assets/TextMesh Pro/Examples & Extras/Resources/Fonts & Materials/Electronic Highway Sign SDF.asset using Guid(dc36b3fdc14f47ebb36fd484a67e268a) Importer(815301076,1909f56bfc062723c751e8b465ee728b)  -> (artifact id: 'd6f0ab00663904492b506ff600a3715f') in 0.114956 seconds 
  Import took 0.149156 seconds .

========================================================================
Received Import Request.
  Time since last request: 0.000410 seconds.
  path: Assets/TextMesh Pro/Examples & Extras/Fonts/Electronic Highway Sign.TTF
  artifactKey: Guid(8a2b9e2a607dd2143b58c44bc32410b4) Importer(815301076,1909f56bfc062723c751e8b465ee728b)
Start importing Assets/TextMesh Pro/Examples & Extras/Fonts/Electronic Highway Sign.TTF using Guid(8a2b9e2a607dd2143b58c44bc32410b4) Importer(815301076,1909f56bfc062723c751e8b465ee728b)  -> (artifact id: 'e9ac7beed70274322407e6f2201347ab') in 0.105444 seconds 
  Import took 0.127656 seconds .

========================================================================
Received Import Request.
  Time since last request: 0.000391 seconds.
  path: Assets/TextMesh Pro/Examples & Extras/Fonts/Bangers.ttf
  artifactKey: Guid(5dd49b3eacc540408c98eee0de38e0f1) Importer(815301076,1909f56bfc062723c751e8b465ee728b)
Start importing Assets/TextMesh Pro/Examples & Extras/Fonts/Bangers.ttf using Guid(5dd49b3eacc540408c98eee0de38e0f1) Importer(815301076,1909f56bfc062723c751e8b465ee728b)  -> (artifact id: '4bcbddb7e72e92fa3a6f13b2b0717c42') in 0.041852 seconds 
  Import took 0.066099 seconds .

========================================================================
Received Import Request.
  Time since last request: 0.000410 seconds.
  path: Assets/TextMesh Pro/Examples & Extras/Fonts/Anton.ttf
  artifactKey: Guid(997a43b767814dd0a7642ec9b78cba41) Importer(815301076,1909f56bfc062723c751e8b465ee728b)
Start importing Assets/TextMesh Pro/Examples & Extras/Fonts/Anton.ttf using Guid(997a43b767814dd0a7642ec9b78cba41) Importer(815301076,1909f56bfc062723c751e8b465ee728b)  -> (artifact id: 'a682bbb39787555d96ca66a99595bfc7') in 0.076549 seconds 
  Import took 0.092393 seconds .

========================================================================
Received Import Request.
  Time since last request: 0.198199 seconds.
  path: Assets/TextMesh Pro/Fonts/LiberationSans.ttf
  artifactKey: Guid(e3265ab4bf004d28a9537516768c1c75) Importer(815301076,1909f56bfc062723c751e8b465ee728b)
Start importing Assets/TextMesh Pro/Fonts/LiberationSans.ttf using Guid(e3265ab4bf004d28a9537516768c1c75) Importer(815301076,1909f56bfc062723c751e8b465ee728b)  -> (artifact id: 'bdddd331c3f1b7826858a8d92db67e39') in 0.045887 seconds 
  Import took 0.074611 seconds .

========================================================================
Received Import Request.
  Time since last request: 0.731911 seconds.
  path: Assets/TextMesh Pro/Examples & Extras/Fonts/Roboto-Bold.ttf
  artifactKey: Guid(4beb055f07aaff244873dec698d0363e) Importer(815301076,1909f56bfc062723c751e8b465ee728b)
Start importing Assets/TextMesh Pro/Examples & Extras/Fonts/Roboto-Bold.ttf using Guid(4beb055f07aaff244873dec698d0363e) Importer(815301076,1909f56bfc062723c751e8b465ee728b)  -> (artifact id: '6c0d3d5e9fbf8ba6903c17dcbf477454') in 0.093828 seconds 
  Import took 0.106984 seconds .

========================================================================
Received Import Request.
  Time since last request: 1.224430 seconds.
  path: Assets/TextMesh Pro/Examples & Extras/Fonts/Oswald-Bold.ttf
  artifactKey: Guid(c9f6d0e7bc8541498c9a4799ba184ede) Importer(815301076,1909f56bfc062723c751e8b465ee728b)
Start importing Assets/TextMesh Pro/Examples & Extras/Fonts/Oswald-Bold.ttf using Guid(c9f6d0e7bc8541498c9a4799ba184ede) Importer(815301076,1909f56bfc062723c751e8b465ee728b)  -> (artifact id: '9d313bcea6b6ddf2c8c0bdfd1fb81dfc') in 0.091317 seconds 
  Import took 0.102943 seconds .

========================================================================
Received Import Request.
  Time since last request: 0.197167 seconds.
  path: Assets/TextMesh Pro/Examples & Extras/Materials/Ground - Logo Scene.mat
  artifactKey: Guid(c719e38f25a9480abd2480ab621a2949) Importer(815301076,1909f56bfc062723c751e8b465ee728b)
Start importing Assets/TextMesh Pro/Examples & Extras/Materials/Ground - Logo Scene.mat using Guid(c719e38f25a9480abd2480ab621a2949) Importer(815301076,1909f56bfc062723c751e8b465ee728b)  -> (artifact id: '4457526dabe3b1ee21207b5702e85636') in 0.095975 seconds 
  Import took 0.117595 seconds .

========================================================================
Received Import Request.
  Time since last request: 0.000375 seconds.
  path: Assets/TextMesh Pro/Resources/Fonts & Materials/LiberationSans SDF - Outline.mat
  artifactKey: Guid(79459efec17a4d00a321bdcc27bbc385) Importer(815301076,1909f56bfc062723c751e8b465ee728b)
Start importing Assets/TextMesh Pro/Resources/Fonts & Materials/LiberationSans SDF - Outline.mat using Guid(79459efec17a4d00a321bdcc27bbc385) Importer(815301076,1909f56bfc062723c751e8b465ee728b)  -> (artifact id: '289988fcecf3b00d1602f8d2b589f7dd') in 0.053217 seconds 
  Import took 0.074478 seconds .

========================================================================
Received Import Request.
  Time since last request: 0.000331 seconds.
  path: Assets/TextMesh Pro/Examples & Extras/Resources/Fonts & Materials/LiberationSans SDF - Overlay.mat
  artifactKey: Guid(9ad269c99dcf42b7aedefd83dd5a7b9d) Importer(815301076,1909f56bfc062723c751e8b465ee728b)
Start importing Assets/TextMesh Pro/Examples & Extras/Resources/Fonts & Materials/LiberationSans SDF - Overlay.mat using Guid(9ad269c99dcf42b7aedefd83dd5a7b9d) Importer(815301076,1909f56bfc062723c751e8b465ee728b)  -> (artifact id: '530ab53d4647aa6af37f1765823d784d') in 0.058766 seconds 
  Import took 0.073513 seconds .

========================================================================
Received Import Request.
  Time since last request: 0.000321 seconds.
  path: Assets/Asset/Track Assets/Materials/Lap Line.mat
  artifactKey: Guid(a3ce1f9c101b5a24c8031dd7fff0a131) Importer(815301076,1909f56bfc062723c751e8b465ee728b)
Start importing Assets/Asset/Track Assets/Materials/Lap Line.mat using Guid(a3ce1f9c101b5a24c8031dd7fff0a131) Importer(815301076,1909f56bfc062723c751e8b465ee728b)  -> (artifact id: '721fe3b5c9b577ea9d54d4630eb3a4d5') in 0.292356 seconds 
  Import took 0.297986 seconds .

========================================================================
Received Import Request.
  Time since last request: 0.000430 seconds.
  path: Assets/TextMesh Pro/Resources/Fonts & Materials/LiberationSans SDF - Fallback.asset
  artifactKey: Guid(2e498d1c8094910479dc3e1b768306a4) Importer(815301076,1909f56bfc062723c751e8b465ee728b)
Start importing Assets/TextMesh Pro/Resources/Fonts & Materials/LiberationSans SDF - Fallback.asset using Guid(2e498d1c8094910479dc3e1b768306a4) Importer(815301076,1909f56bfc062723c751e8b465ee728b)  -> (artifact id: '29760362cf5e78b07b401980211ac561') in 0.065949 seconds 
  Import took 0.079991 seconds .

========================================================================
Received Import Request.
  Time since last request: 0.000959 seconds.
  path: Assets/TextMesh Pro/Resources/Fonts & Materials/LiberationSans SDF - Drop Shadow.mat
  artifactKey: Guid(e73a58f6e2794ae7b1b7e50b7fb811b0) Importer(815301076,1909f56bfc062723c751e8b465ee728b)
Start importing Assets/TextMesh Pro/Resources/Fonts & Materials/LiberationSans SDF - Drop Shadow.mat using Guid(e73a58f6e2794ae7b1b7e50b7fb811b0) Importer(815301076,1909f56bfc062723c751e8b465ee728b)  -> (artifact id: 'ca0d2861f60500f05bd29199894f7bb5') in 0.062156 seconds 
  Import took 0.077233 seconds .

========================================================================
Received Import Request.
  Time since last request: 0.000479 seconds.
  path: Assets/TextMesh Pro/Examples & Extras/Materials/Ground - Surface Shader Scene.mat
  artifactKey: Guid(aadd5a709a48466c887296bb5b1b8110) Importer(815301076,1909f56bfc062723c751e8b465ee728b)
Start importing Assets/TextMesh Pro/Examples & Extras/Materials/Ground - Surface Shader Scene.mat using Guid(aadd5a709a48466c887296bb5b1b8110) Importer(815301076,1909f56bfc062723c751e8b465ee728b)  -> (artifact id: '6cb1a531bdeffaee745a9dd9c4f17fc2') in 0.104316 seconds 
  Import took 0.109453 seconds .

========================================================================
Received Import Request.
  Time since last request: 0.000751 seconds.
  path: Assets/TextMesh Pro/Examples & Extras/Resources/Fonts & Materials/LiberationSans SDF - Metalic Green.mat
  artifactKey: Guid(8b29aaa3eec7468097ff07adfcf29ac9) Importer(815301076,1909f56bfc062723c751e8b465ee728b)
Start importing Assets/TextMesh Pro/Examples & Extras/Resources/Fonts & Materials/LiberationSans SDF - Metalic Green.mat using Guid(8b29aaa3eec7468097ff07adfcf29ac9) Importer(815301076,1909f56bfc062723c751e8b465ee728b)  -> (artifact id: '1750271ec33564c9e991fc66a41ad3d0') in 0.237908 seconds 
  Import took 0.252445 seconds .

========================================================================
Received Import Request.
  Time since last request: 0.000327 seconds.
  path: Assets/TextMesh Pro/Examples & Extras/Resources/Fonts & Materials/LiberationSans SDF - Soft Mask.mat
  artifactKey: Guid(42df1c7856584b6b8db9a509b6b10074) Importer(815301076,1909f56bfc062723c751e8b465ee728b)
Start importing Assets/TextMesh Pro/Examples & Extras/Resources/Fonts & Materials/LiberationSans SDF - Soft Mask.mat using Guid(42df1c7856584b6b8db9a509b6b10074) Importer(815301076,1909f56bfc062723c751e8b465ee728b)  -> (artifact id: 'c07a3f0197d45ee33843239212d1c942') in 0.056459 seconds 
  Import took 0.073767 seconds .

========================================================================
Received Import Request.
  Time since last request: 1.285802 seconds.
  path: Assets/TextMesh Pro/Examples & Extras/Resources/Fonts & Materials/Oswald Bold SDF.asset
  artifactKey: Guid(0161d805a3764c089bef00bfe00793f5) Importer(815301076,1909f56bfc062723c751e8b465ee728b)
Start importing Assets/TextMesh Pro/Examples & Extras/Resources/Fonts & Materials/Oswald Bold SDF.asset using Guid(0161d805a3764c089bef00bfe00793f5) Importer(815301076,1909f56bfc062723c751e8b465ee728b)  -> (artifact id: 'f4f3f52dcabd1b637e386ec9cd1880dd') in 0.139071 seconds 
  Import took 0.144949 seconds .

========================================================================
Received Import Request.
  Time since last request: 0.000398 seconds.
  path: Assets/Asset/Track Assets/Materials/Road 2.mat
  artifactKey: Guid(459b6f0ba8170ab4aae1929946dff8e2) Importer(815301076,1909f56bfc062723c751e8b465ee728b)
Start importing Assets/Asset/Track Assets/Materials/Road 2.mat using Guid(459b6f0ba8170ab4aae1929946dff8e2) Importer(815301076,1909f56bfc062723c751e8b465ee728b)  -> (artifact id: 'f423d5a40c8b91c5abc376250ad231dd') in 0.615292 seconds 
  Import took 0.639196 seconds .

========================================================================
Received Import Request.
  Time since last request: 0.000455 seconds.
  path: Assets/Asset/Track Assets/Materials/Red.mat
  artifactKey: Guid(182267ba207ce4f46a489fa3ccf1b60a) Importer(815301076,1909f56bfc062723c751e8b465ee728b)
Start importing Assets/Asset/Track Assets/Materials/Red.mat using Guid(182267ba207ce4f46a489fa3ccf1b60a) Importer(815301076,1909f56bfc062723c751e8b465ee728b)  -> (artifact id: 'fd7d7a9aa3c0138ae4b4ed92c73a12f5') in 0.048905 seconds 
  Import took 0.069555 seconds .

========================================================================
Received Import Request.
  Time since last request: 0.000432 seconds.
  path: Assets/Asset/Track Assets/Materials/Road.mat
  artifactKey: Guid(be17346dca130db47b111e4a792652f9) Importer(815301076,1909f56bfc062723c751e8b465ee728b)
Start importing Assets/Asset/Track Assets/Materials/Road.mat using Guid(be17346dca130db47b111e4a792652f9) Importer(815301076,1909f56bfc062723c751e8b465ee728b)  -> (artifact id: '4e1bbf117feaabe749cc76afd18d7814') in 0.069953 seconds 
  Import took 0.081935 seconds .

========================================================================
Received Import Request.
  Time since last request: 3.396474 seconds.
  path: Assets/TextMesh Pro/Examples & Extras/Resources/Fonts & Materials/Roboto-Bold SDF - Drop Shadow.mat
  artifactKey: Guid(b246c4190f4e46ec9352fe15a7b09ce0) Importer(815301076,1909f56bfc062723c751e8b465ee728b)
Start importing Assets/TextMesh Pro/Examples & Extras/Resources/Fonts & Materials/Roboto-Bold SDF - Drop Shadow.mat using Guid(b246c4190f4e46ec9352fe15a7b09ce0) Importer(815301076,1909f56bfc062723c751e8b465ee728b)  -> (artifact id: 'e0193c990cebd7bcd9d6b31ea7739d38') in 0.074676 seconds 
  Import took 0.091270 seconds .

========================================================================
Received Import Request.
  Time since last request: 0.000290 seconds.
  path: Assets/TextMesh Pro/Examples & Extras/Resources/Fonts & Materials/Roboto-Bold SDF - Surface.mat
  artifactKey: Guid(e6b276ec991f467aa14ef1f3cc665993) Importer(815301076,1909f56bfc062723c751e8b465ee728b)
Start importing Assets/TextMesh Pro/Examples & Extras/Resources/Fonts & Materials/Roboto-Bold SDF - Surface.mat using Guid(e6b276ec991f467aa14ef1f3cc665993) Importer(815301076,1909f56bfc062723c751e8b465ee728b)  -> (artifact id: 'b473d3532bac8111072f2cb19e40b057') in 0.264090 seconds 
  Import took 0.270610 seconds .

========================================================================
Received Import Request.
  Time since last request: 0.000595 seconds.
  path: Assets/Asset/Terrain Assets/Trees/Materials/scotspinetypea-pine needles.mat
  artifactKey: Guid(00cdedc1bd1113061100b7a844295342) Importer(815301076,1909f56bfc062723c751e8b465ee728b)
Start importing Assets/Asset/Terrain Assets/Trees/Materials/scotspinetypea-pine needles.mat using Guid(00cdedc1bd1113061100b7a844295342) Importer(815301076,1909f56bfc062723c751e8b465ee728b)  -> (artifact id: '3618f41dbcb641ab4b1efbb1743f5f42') in 0.026463 seconds 
  Import took 0.035073 seconds .

========================================================================
Received Import Request.
  Time since last request: 0.000378 seconds.
  path: Assets/TextMesh Pro/Examples & Extras/Resources/Fonts & Materials/Roboto-Bold SDF.asset
  artifactKey: Guid(5302535af1044152a457ed104f1f4b91) Importer(815301076,1909f56bfc062723c751e8b465ee728b)
Start importing Assets/TextMesh Pro/Examples & Extras/Resources/Fonts & Materials/Roboto-Bold SDF.asset using Guid(5302535af1044152a457ed104f1f4b91) Importer(815301076,1909f56bfc062723c751e8b465ee728b)  -> (artifact id: '7eb767d2cdb83c71d9408fd17fe7f8e8') in 0.066066 seconds 
  Import took 0.070896 seconds .

========================================================================
Received Import Request.
  Time since last request: 0.267137 seconds.
  path: Assets/Asset/Terrain Assets/Trees/Materials/scotspinetypea-pinetrunk.mat
  artifactKey: Guid(25922ec1bd1113061100b7a844295342) Importer(815301076,1909f56bfc062723c751e8b465ee728b)
Start importing Assets/Asset/Terrain Assets/Trees/Materials/scotspinetypea-pinetrunk.mat using Guid(25922ec1bd1113061100b7a844295342) Importer(815301076,1909f56bfc062723c751e8b465ee728b)  -> (artifact id: '84c85669d8f661f90b0f5da7025a2d0d') in 0.025695 seconds 
  Import took 0.046347 seconds .

========================================================================
Received Import Request.
  Time since last request: 0.000365 seconds.
  path: Assets/Asset/Terrain Assets/Trees/Materials/scotspinetypeb-pine needles.mat
  artifactKey: Guid(4bd4ee421484909199fe72b81c03cb6c) Importer(815301076,1909f56bfc062723c751e8b465ee728b)
Start importing Assets/Asset/Terrain Assets/Trees/Materials/scotspinetypeb-pine needles.mat using Guid(4bd4ee421484909199fe72b81c03cb6c) Importer(815301076,1909f56bfc062723c751e8b465ee728b)  -> (artifact id: '605e279da34a22d85f92f5c70a6987a5') in 0.063715 seconds 
  Import took 0.069331 seconds .

========================================================================
Received Import Request.
  Time since last request: 12.560161 seconds.
  path: Assets/Asset/Terrain Assets/Trees/Materials/scotspinetypeb-pinetrunk.mat
  artifactKey: Guid(5edc9249abd4968d4368a36b96fb6b62) Importer(815301076,1909f56bfc062723c751e8b465ee728b)
Start importing Assets/Asset/Terrain Assets/Trees/Materials/scotspinetypeb-pinetrunk.mat using Guid(5edc9249abd4968d4368a36b96fb6b62) Importer(815301076,1909f56bfc062723c751e8b465ee728b)  -> (artifact id: '4f963d836f02ecf3a3d7b0dc5e37139f') in 0.072078 seconds 
  Import took 0.089217 seconds .

========================================================================
Received Import Request.
  Time since last request: 0.000476 seconds.
  path: Assets/Asset/Track Assets/Object Meshes/Materials/Stone.mat
  artifactKey: Guid(015bb208c09878241b7d1f88c32542d6) Importer(815301076,1909f56bfc062723c751e8b465ee728b)
Start importing Assets/Asset/Track Assets/Object Meshes/Materials/Stone.mat using Guid(015bb208c09878241b7d1f88c32542d6) Importer(815301076,1909f56bfc062723c751e8b465ee728b)  -> (artifact id: '81964dc7604531cb18a5fc272b2b6b2e') in 0.061065 seconds 
  Import took 0.071891 seconds .

========================================================================
Received Import Request.
  Time since last request: 0.000336 seconds.
  path: Assets/Materials/T_Background_02.mat
  artifactKey: Guid(b5a531effd58b3e47925bdbe02bd6397) Importer(815301076,1909f56bfc062723c751e8b465ee728b)
Start importing Assets/Materials/T_Background_02.mat using Guid(b5a531effd58b3e47925bdbe02bd6397) Importer(815301076,1909f56bfc062723c751e8b465ee728b)  -> (artifact id: '03bf5a095f9d2b68caf7b26dc35d29d8') in 0.041381 seconds 
  Import took 0.051191 seconds .

========================================================================
Received Import Request.
  Time since last request: 0.000417 seconds.
  path: Assets/Asset/Track Assets/Materials/Terrain Fences.mat
  artifactKey: Guid(93391148aeffd46418b481e307f452e6) Importer(815301076,1909f56bfc062723c751e8b465ee728b)
Start importing Assets/Asset/Track Assets/Materials/Terrain Fences.mat using Guid(93391148aeffd46418b481e307f452e6) Importer(815301076,1909f56bfc062723c751e8b465ee728b)  -> (artifact id: '775819f044b5cabebf89b13f93eb28d0') in 0.306572 seconds 
  Import took 0.386943 seconds .

========================================================================
Received Import Request.
  Time since last request: 0.000411 seconds.
  path: Assets/Asset/Track Assets/Materials/White.mat
  artifactKey: Guid(4ee9fa8bcb4126e4d9c972fc3e704e83) Importer(815301076,1909f56bfc062723c751e8b465ee728b)
Start importing Assets/Asset/Track Assets/Materials/White.mat using Guid(4ee9fa8bcb4126e4d9c972fc3e704e83) Importer(815301076,1909f56bfc062723c751e8b465ee728b)  -> (artifact id: '472fdba6a9190da6f7f9bb784dcf036d') in 0.067303 seconds 
  Import took 0.084453 seconds .

========================================================================
Received Import Request.
  Time since last request: 0.000414 seconds.
  path: Assets/Materials/T_Butterfly_01.mat
  artifactKey: Guid(2318229484821c242a6b8e04634deb14) Importer(815301076,1909f56bfc062723c751e8b465ee728b)
Start importing Assets/Materials/T_Butterfly_01.mat using Guid(2318229484821c242a6b8e04634deb14) Importer(815301076,1909f56bfc062723c751e8b465ee728b)  -> (artifact id: '7fa298581ef947545b62d68e53745504') in 0.052706 seconds 
  Import took 0.072535 seconds .

========================================================================
Received Import Request.
  Time since last request: 0.000331 seconds.
  path: Assets/Materials/T_Background.mat
  artifactKey: Guid(7025ce5e5581c1e419fedcd52547ced5) Importer(815301076,1909f56bfc062723c751e8b465ee728b)
Start importing Assets/Materials/T_Background.mat using Guid(7025ce5e5581c1e419fedcd52547ced5) Importer(815301076,1909f56bfc062723c751e8b465ee728b)  -> (artifact id: '55fbda2f1dc4e39b920cc0d45fa42926') in 0.029366 seconds 
  Import took 0.034872 seconds .

========================================================================
Received Import Request.
  Time since last request: 0.000338 seconds.
  path: Assets/Asset/Track Assets/Materials/Wall.mat
  artifactKey: Guid(cebfda0e8ba854f6590302c740e8c216) Importer(815301076,1909f56bfc062723c751e8b465ee728b)
Start importing Assets/Asset/Track Assets/Materials/Wall.mat using Guid(cebfda0e8ba854f6590302c740e8c216) Importer(815301076,1909f56bfc062723c751e8b465ee728b)  -> (artifact id: '1742bdd316e43b296950fdfd7d76d103') in 0.348255 seconds 
  Import took 0.353426 seconds .

========================================================================
Received Import Request.
  Time since last request: 0.000521 seconds.
  path: Assets/TextMesh Pro/Examples & Extras/Materials/Small Crate_diffuse.mat
  artifactKey: Guid(22262639920f43d6be32430e4e58350d) Importer(815301076,1909f56bfc062723c751e8b465ee728b)
Start importing Assets/TextMesh Pro/Examples & Extras/Materials/Small Crate_diffuse.mat using Guid(22262639920f43d6be32430e4e58350d) Importer(815301076,1909f56bfc062723c751e8b465ee728b)  -> (artifact id: 'f087dcf16cec75a6974325e7c470dd37') in 0.269383 seconds 
  Import took 0.282838 seconds .

========================================================================
Received Import Request.
  Time since last request: 1.768140 seconds.
  path: Assets/Materials/T_Background_01.mat
  artifactKey: Guid(ba9011a51baeb5244bf135e439b28ecf) Importer(815301076,1909f56bfc062723c751e8b465ee728b)
Start importing Assets/Materials/T_Background_01.mat using Guid(ba9011a51baeb5244bf135e439b28ecf) Importer(815301076,1909f56bfc062723c751e8b465ee728b)  -> (artifact id: 'f55b07c548d035d3a8dcd52b9c838cfd') in 0.075001 seconds 
  Import took 0.100487 seconds .

========================================================================
Received Import Request.
  Time since last request: 420.054235 seconds.
  path: Assets/nnn.cs
  artifactKey: Guid(d34f28b8d362b2e45906f74fafa2effe) Importer(815301076,1909f56bfc062723c751e8b465ee728b)
Start importing Assets/nnn.cs using Guid(d34f28b8d362b2e45906f74fafa2effe) Importer(815301076,1909f56bfc062723c751e8b465ee728b)  -> (artifact id: '67c20d999d4c6aa228ab5b77e35c272f') in 0.050797 seconds 
  Import took 0.055780 seconds .

========================================================================
Received Import Request.
  Time since last request: 15.094656 seconds.
  path: Assets/Asset/Restiik.cs
  artifactKey: Guid(69e0daa836c28e84d842105cef744903) Importer(815301076,1909f56bfc062723c751e8b465ee728b)
Start importing Assets/Asset/Restiik.cs using Guid(69e0daa836c28e84d842105cef744903) Importer(815301076,1909f56bfc062723c751e8b465ee728b)  -> (artifact id: '40d807cb90a33bf829b938f6850eaf6d') in 0.024371 seconds 
  Import took 0.078765 seconds .

========================================================================
Received Import Request.
  Time since last request: 311.082203 seconds.
  path: Assets/New Material 1.mat
  artifactKey: Guid(1860782cecc4c1640a737b204d30542e) Importer(815301076,1909f56bfc062723c751e8b465ee728b)
Start importing Assets/New Material 1.mat using Guid(1860782cecc4c1640a737b204d30542e) Importer(815301076,1909f56bfc062723c751e8b465ee728b)  -> (artifact id: '67dfd028c116d26475eb667d4a9bbcc1') in 0.028376 seconds 
  Import took 0.034826 seconds .

========================================================================
Received Import Request.
  Time since last request: 565.504753 seconds.
  path: Assets/TextMesh Pro/Resources/Fonts & Materials/LiberationSans SDF - Fallback.asset
  artifactKey: Guid(2e498d1c8094910479dc3e1b768306a4) Importer(815301076,1909f56bfc062723c751e8b465ee728b)
Start importing Assets/TextMesh Pro/Resources/Fonts & Materials/LiberationSans SDF - Fallback.asset using Guid(2e498d1c8094910479dc3e1b768306a4) Importer(815301076,1909f56bfc062723c751e8b465ee728b)  -> (artifact id: 'fdd1d94c04c319c0371b88b699b8d0e4') in 0.083280 seconds 
  Import took 0.089420 seconds .

========================================================================
Received Import Request.
  Time since last request: 789.143762 seconds.
  path: Assets/Scenes/OpenGame.unity
  artifactKey: Guid(903fcbc82da2dcf4dbc7d4dab9b84b83) Importer(815301076,1909f56bfc062723c751e8b465ee728b)
Start importing Assets/Scenes/OpenGame.unity using Guid(903fcbc82da2dcf4dbc7d4dab9b84b83) Importer(815301076,1909f56bfc062723c751e8b465ee728b)  -> (artifact id: '73d57ff23ff76a6f8d700e486e12f1a8') in 0.022915 seconds 
  Import took 0.071533 seconds .

========================================================================
Received Import Request.
  Time since last request: 31.128638 seconds.
  path: Assets/TextMesh Pro/Resources/Fonts & Materials/LiberationSans SDF - Fallback.asset
  artifactKey: Guid(2e498d1c8094910479dc3e1b768306a4) Importer(815301076,1909f56bfc062723c751e8b465ee728b)
Start importing Assets/TextMesh Pro/Resources/Fonts & Materials/LiberationSans SDF - Fallback.asset using Guid(2e498d1c8094910479dc3e1b768306a4) Importer(815301076,1909f56bfc062723c751e8b465ee728b)  -> (artifact id: '6a8babf597b0659442293a6a622b5cc4') in 0.070592 seconds 
  Import took 0.155465 seconds .

========================================================================
Received Import Request.
  Time since last request: 0.000333 seconds.
  path: Assets/TextMesh Pro/Examples & Extras/Resources/Fonts & Materials/Roboto-Bold SDF.asset
  artifactKey: Guid(5302535af1044152a457ed104f1f4b91) Importer(815301076,1909f56bfc062723c751e8b465ee728b)
Start importing Assets/TextMesh Pro/Examples & Extras/Resources/Fonts & Materials/Roboto-Bold SDF.asset using Guid(5302535af1044152a457ed104f1f4b91) Importer(815301076,1909f56bfc062723c751e8b465ee728b)  -> (artifact id: '2a087b988614d4763c3bffc5b23e53a4') in 0.068294 seconds 
  Import took 0.073764 seconds .

========================================================================
Received Prepare
Registering precompiled user dll's ...
Registered in 0.014507 seconds.
Begin MonoManager ReloadAssembly
Native extension for WindowsStandalone target not found
Native extension for WebGL target not found
Refreshing native plugins compatible for Editor in 0.75 ms, found 2 plugins.
Preloading 0 native plugins for Editor in 0.00 ms.
Mono: successfully reloaded assembly
- Completed reload, in  2.603 seconds
Domain Reload Profiling:
	ReloadAssembly (2604ms)
		BeginReloadAssembly (442ms)
			ExecutionOrderSort (0ms)
			DisableScriptedObjects (13ms)
			BackupInstance (0ms)
			ReleaseScriptingObjects (0ms)
			CreateAndSetChildDomain (163ms)
		EndReloadAssembly (2024ms)
			LoadAssemblies (308ms)
			RebuildTransferFunctionScriptingTraits (0ms)
			SetupTypeCache (828ms)
			ReleaseScriptCaches (3ms)
			RebuildScriptCaches (91ms)
			SetupLoadedEditorAssemblies (651ms)
				LogAssemblyErrors (0ms)
				InitializePlatformSupportModulesInManaged (12ms)
				SetLoadedEditorAssemblies (1ms)
				RefreshPlugins (1ms)
				BeforeProcessingInitializeOnLoad (157ms)
				ProcessInitializeOnLoadAttributes (437ms)
				ProcessInitializeOnLoadMethodAttributes (22ms)
				AfterProcessingInitializeOnLoad (21ms)
				EditorAssembliesLoaded (0ms)
			ExecutionOrderSort2 (0ms)
			AwakeInstancesAfterBackupRestoration (16ms)
Platform modules already initialized, skipping
Refreshing native plugins compatible for Editor in 0.78 ms, found 2 plugins.
Preloading 0 native plugins for Editor in 0.00 ms.
Unloading 1543 Unused Serialized files (Serialized files now loaded: 0)
System memory in use before: 88.6 MB.
System memory in use after: 88.7 MB.

Unloading 14 unused Assets to reduce memory usage. Loaded Objects now: 2066.
Total: 5.114800 ms (FindLiveObjects: 0.306400 ms CreateObjectMapping: 0.096900 ms MarkObjects: 4.666200 ms  DeleteObjects: 0.041800 ms)

AssetImportParameters requested are different than current active one (requested -> active):
  custom:framework-win-MediaFoundation: 216162199b28c13a410421893ffa2e32 -> 
  custom:video-decoder-ogg-theora: a1e56fd34408186e4bbccfd4996cb3dc -> 
  custom:container-muxer-webm: aa71ff27fc2769a1b78a27578f13a17b -> 
  custom:container-demuxer-webm: 4f35f7cbe854078d1ac9338744f61a02 -> 
  custom:container-demuxer-ogg: 62fdf1f143b41e24485cea50d1cbac27 -> 
  custom:video-encoder-webm-vp8: eb34c28f22e8b96e1ab97ce403110664 -> 
  custom:video-decoder-webm-vp8: 9c59270c3fd7afecdb556c50c9e8de78 -> 
  custom:audio-decoder-ogg-vorbis: bf7c407c2cedff20999df2af8eb42d56 -> 
  custom:audio-encoder-webm-vorbis: bf7c407c2cedff20999df2af8eb42d56 -> 
========================================================================
Received Import Request.
  Time since last request: 215.640028 seconds.
  path: Assets/Scenes/SampleScene.unity
  artifactKey: Guid(9fc0d4010bbf28b4594072e72b8655ab) Importer(815301076,1909f56bfc062723c751e8b465ee728b)
Start importing Assets/Scenes/SampleScene.unity using Guid(9fc0d4010bbf28b4594072e72b8655ab) Importer(815301076,1909f56bfc062723c751e8b465ee728b)  -> (artifact id: '4520de04093aa035d7bc638ef87893b8') in 0.048247 seconds 
  Import took 0.060397 seconds .

========================================================================
Received Import Request.
  Time since last request: 23.533210 seconds.
  path: Assets/Scenes/OpenGame.unity
  artifactKey: Guid(903fcbc82da2dcf4dbc7d4dab9b84b83) Importer(815301076,1909f56bfc062723c751e8b465ee728b)
Start importing Assets/Scenes/OpenGame.unity using Guid(903fcbc82da2dcf4dbc7d4dab9b84b83) Importer(815301076,1909f56bfc062723c751e8b465ee728b)  -> (artifact id: '6d1c9516a26d8c496fc0ea9ae3f16b9e') in 0.009104 seconds 
  Import took 0.015874 seconds .

========================================================================
Received Prepare
Registering precompiled user dll's ...
Registered in 0.005917 seconds.
Begin MonoManager ReloadAssembly
Native extension for WindowsStandalone target not found
Native extension for WebGL target not found
Refreshing native plugins compatible for Editor in 0.72 ms, found 2 plugins.
Preloading 0 native plugins for Editor in 0.00 ms.
Mono: successfully reloaded assembly
- Completed reload, in  2.088 seconds
Domain Reload Profiling:
	ReloadAssembly (2089ms)
		BeginReloadAssembly (273ms)
			ExecutionOrderSort (0ms)
			DisableScriptedObjects (11ms)
			BackupInstance (0ms)
			ReleaseScriptingObjects (0ms)
			CreateAndSetChildDomain (73ms)
		EndReloadAssembly (1686ms)
			LoadAssemblies (232ms)
			RebuildTransferFunctionScriptingTraits (0ms)
			SetupTypeCache (637ms)
			ReleaseScriptCaches (2ms)
			RebuildScriptCaches (81ms)
			SetupLoadedEditorAssemblies (598ms)
				LogAssemblyErrors (0ms)
				InitializePlatformSupportModulesInManaged (11ms)
				SetLoadedEditorAssemblies (1ms)
				RefreshPlugins (1ms)
				BeforeProcessingInitializeOnLoad (152ms)
				ProcessInitializeOnLoadAttributes (398ms)
				ProcessInitializeOnLoadMethodAttributes (18ms)
				AfterProcessingInitializeOnLoad (17ms)
				EditorAssembliesLoaded (0ms)
			ExecutionOrderSort2 (0ms)
			AwakeInstancesAfterBackupRestoration (13ms)
Platform modules already initialized, skipping
Refreshing native plugins compatible for Editor in 0.76 ms, found 2 plugins.
Preloading 0 native plugins for Editor in 0.00 ms.
Unloading 1543 Unused Serialized files (Serialized files now loaded: 0)
System memory in use before: 88.6 MB.
System memory in use after: 88.7 MB.

Unloading 14 unused Assets to reduce memory usage. Loaded Objects now: 2068.
Total: 5.680800 ms (FindLiveObjects: 0.290500 ms CreateObjectMapping: 0.081200 ms MarkObjects: 5.261100 ms  DeleteObjects: 0.044200 ms)

AssetImportParameters requested are different than current active one (requested -> active):
  custom:framework-win-MediaFoundation: 216162199b28c13a410421893ffa2e32 -> 
  custom:video-decoder-ogg-theora: a1e56fd34408186e4bbccfd4996cb3dc -> 
  custom:container-muxer-webm: aa71ff27fc2769a1b78a27578f13a17b -> 
  custom:container-demuxer-webm: 4f35f7cbe854078d1ac9338744f61a02 -> 
  custom:container-demuxer-ogg: 62fdf1f143b41e24485cea50d1cbac27 -> 
  custom:video-encoder-webm-vp8: eb34c28f22e8b96e1ab97ce403110664 -> 
  custom:video-decoder-webm-vp8: 9c59270c3fd7afecdb556c50c9e8de78 -> 
  custom:audio-decoder-ogg-vorbis: bf7c407c2cedff20999df2af8eb42d56 -> 
  custom:audio-encoder-webm-vorbis: bf7c407c2cedff20999df2af8eb42d56 -> 
========================================================================
Received Prepare
Registering precompiled user dll's ...
Registered in 0.008578 seconds.
Begin MonoManager ReloadAssembly
Native extension for WindowsStandalone target not found
Native extension for WebGL target not found
Refreshing native plugins compatible for Editor in 0.80 ms, found 2 plugins.
Preloading 0 native plugins for Editor in 0.00 ms.
Mono: successfully reloaded assembly
- Completed reload, in  2.685 seconds
Domain Reload Profiling:
	ReloadAssembly (2686ms)
		BeginReloadAssembly (258ms)
			ExecutionOrderSort (0ms)
			DisableScriptedObjects (9ms)
			BackupInstance (0ms)
			ReleaseScriptingObjects (0ms)
			CreateAndSetChildDomain (61ms)
		EndReloadAssembly (2273ms)
			LoadAssemblies (256ms)
			RebuildTransferFunctionScriptingTraits (0ms)
			SetupTypeCache (1109ms)
			ReleaseScriptCaches (1ms)
			RebuildScriptCaches (76ms)
			SetupLoadedEditorAssemblies (695ms)
				LogAssemblyErrors (0ms)
				InitializePlatformSupportModulesInManaged (14ms)
				SetLoadedEditorAssemblies (1ms)
				RefreshPlugins (1ms)
				BeforeProcessingInitializeOnLoad (167ms)
				ProcessInitializeOnLoadAttributes (477ms)
				ProcessInitializeOnLoadMethodAttributes (17ms)
				AfterProcessingInitializeOnLoad (17ms)
				EditorAssembliesLoaded (1ms)
			ExecutionOrderSort2 (0ms)
			AwakeInstancesAfterBackupRestoration (14ms)
Platform modules already initialized, skipping
Refreshing native plugins compatible for Editor in 0.86 ms, found 2 plugins.
Preloading 0 native plugins for Editor in 0.00 ms.
Unloading 1543 Unused Serialized files (Serialized files now loaded: 0)
System memory in use before: 88.6 MB.
System memory in use after: 88.8 MB.

Unloading 14 unused Assets to reduce memory usage. Loaded Objects now: 2070.
Total: 26.777300 ms (FindLiveObjects: 2.885300 ms CreateObjectMapping: 0.172500 ms MarkObjects: 23.600800 ms  DeleteObjects: 0.115400 ms)

AssetImportParameters requested are different than current active one (requested -> active):
  custom:framework-win-MediaFoundation: 216162199b28c13a410421893ffa2e32 -> 
  custom:video-decoder-ogg-theora: a1e56fd34408186e4bbccfd4996cb3dc -> 
  custom:container-muxer-webm: aa71ff27fc2769a1b78a27578f13a17b -> 
  custom:container-demuxer-webm: 4f35f7cbe854078d1ac9338744f61a02 -> 
  custom:container-demuxer-ogg: 62fdf1f143b41e24485cea50d1cbac27 -> 
  custom:video-encoder-webm-vp8: eb34c28f22e8b96e1ab97ce403110664 -> 
  custom:video-decoder-webm-vp8: 9c59270c3fd7afecdb556c50c9e8de78 -> 
  custom:audio-decoder-ogg-vorbis: bf7c407c2cedff20999df2af8eb42d56 -> 
  custom:audio-encoder-webm-vorbis: bf7c407c2cedff20999df2af8eb42d56 -> 
========================================================================
Received Import Request.
  Time since last request: 710.182716 seconds.
  path: Assets/TextMesh Pro/Examples & Extras/Resources/Fonts & Materials/Roboto-Bold SDF.asset
  artifactKey: Guid(5302535af1044152a457ed104f1f4b91) Importer(815301076,1909f56bfc062723c751e8b465ee728b)
Start importing Assets/TextMesh Pro/Examples & Extras/Resources/Fonts & Materials/Roboto-Bold SDF.asset using Guid(5302535af1044152a457ed104f1f4b91) Importer(815301076,1909f56bfc062723c751e8b465ee728b)  -> (artifact id: '1b5d22d9729ec3425100349552539a30') in 0.419131 seconds 
  Import took 0.443140 seconds .

========================================================================
Received Import Request.
  Time since last request: 8.879747 seconds.
  path: Assets/TextMesh Pro/Examples & Extras/Resources/Fonts & Materials/Anton SDF - Drop Shadow.mat
  artifactKey: Guid(749b9069dc4742c5bfa5c74644049926) Importer(815301076,1909f56bfc062723c751e8b465ee728b)
Start importing Assets/TextMesh Pro/Examples & Extras/Resources/Fonts & Materials/Anton SDF - Drop Shadow.mat using Guid(749b9069dc4742c5bfa5c74644049926) Importer(815301076,1909f56bfc062723c751e8b465ee728b)  -> (artifact id: 'ee5b9198e9e706f59fc2a62177820fd7') in 0.066957 seconds 
  Import took 0.119445 seconds .

========================================================================
Received Import Request.
  Time since last request: 747.909382 seconds.
  path: Assets/Like.cs
  artifactKey: Guid(c3b179ffc58206f40ab8a0b9a0b4069b) Importer(815301076,1909f56bfc062723c751e8b465ee728b)
Start importing Assets/Like.cs using Guid(c3b179ffc58206f40ab8a0b9a0b4069b) Importer(815301076,1909f56bfc062723c751e8b465ee728b)  -> (artifact id: '5a8a030cdb1f883b99de674ef86c8644') in 0.022815 seconds 
  Import took 0.030801 seconds .

========================================================================
Received Import Request.
  Time since last request: 64.839452 seconds.
  path: Assets/Like.cs
  artifactKey: Guid(c3b179ffc58206f40ab8a0b9a0b4069b) Importer(815301076,1909f56bfc062723c751e8b465ee728b)
Start importing Assets/Like.cs using Guid(c3b179ffc58206f40ab8a0b9a0b4069b) Importer(815301076,1909f56bfc062723c751e8b465ee728b)  -> (artifact id: '0212d58987a9ea2d7ebfe77f86c7cb42') in 0.018023 seconds 
  Import took 0.099592 seconds .

========================================================================
Received Prepare
Registering precompiled user dll's ...
Registered in 0.007087 seconds.
Begin MonoManager ReloadAssembly
Native extension for WindowsStandalone target not found
Native extension for WebGL target not found
Refreshing native plugins compatible for Editor in 1.00 ms, found 2 plugins.
Preloading 0 native plugins for Editor in 0.00 ms.
Mono: successfully reloaded assembly
- Completed reload, in  2.150 seconds
Domain Reload Profiling:
	ReloadAssembly (2151ms)
		BeginReloadAssembly (255ms)
			ExecutionOrderSort (0ms)
			DisableScriptedObjects (9ms)
			BackupInstance (0ms)
			ReleaseScriptingObjects (0ms)
			CreateAndSetChildDomain (78ms)
		EndReloadAssembly (1756ms)
			LoadAssemblies (239ms)
			RebuildTransferFunctionScriptingTraits (0ms)
			SetupTypeCache (606ms)
			ReleaseScriptCaches (2ms)
			RebuildScriptCaches (74ms)
			SetupLoadedEditorAssemblies (699ms)
				LogAssemblyErrors (0ms)
				InitializePlatformSupportModulesInManaged (12ms)
				SetLoadedEditorAssemblies (1ms)
				RefreshPlugins (1ms)
				BeforeProcessingInitializeOnLoad (185ms)
				ProcessInitializeOnLoadAttributes (465ms)
				ProcessInitializeOnLoadMethodAttributes (18ms)
				AfterProcessingInitializeOnLoad (16ms)
				EditorAssembliesLoaded (0ms)
			ExecutionOrderSort2 (0ms)
			AwakeInstancesAfterBackupRestoration (14ms)
Platform modules already initialized, skipping
Refreshing native plugins compatible for Editor in 0.79 ms, found 2 plugins.
Preloading 0 native plugins for Editor in 0.00 ms.
Unloading 1544 Unused Serialized files (Serialized files now loaded: 0)
System memory in use before: 88.7 MB.
System memory in use after: 88.8 MB.

Unloading 14 unused Assets to reduce memory usage. Loaded Objects now: 2075.
Total: 4.955900 ms (FindLiveObjects: 0.288300 ms CreateObjectMapping: 0.078100 ms MarkObjects: 4.551300 ms  DeleteObjects: 0.035200 ms)

AssetImportParameters requested are different than current active one (requested -> active):
  custom:framework-win-MediaFoundation: 216162199b28c13a410421893ffa2e32 -> 
  custom:video-decoder-ogg-theora: a1e56fd34408186e4bbccfd4996cb3dc -> 
  custom:container-muxer-webm: aa71ff27fc2769a1b78a27578f13a17b -> 
  custom:container-demuxer-webm: 4f35f7cbe854078d1ac9338744f61a02 -> 
  custom:container-demuxer-ogg: 62fdf1f143b41e24485cea50d1cbac27 -> 
  custom:video-encoder-webm-vp8: eb34c28f22e8b96e1ab97ce403110664 -> 
  custom:video-decoder-webm-vp8: 9c59270c3fd7afecdb556c50c9e8de78 -> 
  custom:audio-decoder-ogg-vorbis: bf7c407c2cedff20999df2af8eb42d56 -> 
  custom:audio-encoder-webm-vorbis: bf7c407c2cedff20999df2af8eb42d56 -> 
========================================================================
Received Prepare
Registering precompiled user dll's ...
Registered in 0.008245 seconds.
Begin MonoManager ReloadAssembly
Native extension for WindowsStandalone target not found
Native extension for WebGL target not found
Refreshing native plugins compatible for Editor in 0.80 ms, found 2 plugins.
Preloading 0 native plugins for Editor in 0.00 ms.
Mono: successfully reloaded assembly
- Completed reload, in  2.124 seconds
Domain Reload Profiling:
	ReloadAssembly (2125ms)
		BeginReloadAssembly (251ms)
			ExecutionOrderSort (0ms)
			DisableScriptedObjects (9ms)
			BackupInstance (0ms)
			ReleaseScriptingObjects (0ms)
			CreateAndSetChildDomain (62ms)
		EndReloadAssembly (1709ms)
			LoadAssemblies (258ms)
			RebuildTransferFunctionScriptingTraits (0ms)
			SetupTypeCache (655ms)
			ReleaseScriptCaches (2ms)
			RebuildScriptCaches (80ms)
			SetupLoadedEditorAssemblies (581ms)
				LogAssemblyErrors (0ms)
				InitializePlatformSupportModulesInManaged (14ms)
				SetLoadedEditorAssemblies (1ms)
				RefreshPlugins (1ms)
				BeforeProcessingInitializeOnLoad (148ms)
				ProcessInitializeOnLoadAttributes (383ms)
				ProcessInitializeOnLoadMethodAttributes (16ms)
				AfterProcessingInitializeOnLoad (16ms)
				EditorAssembliesLoaded (0ms)
			ExecutionOrderSort2 (0ms)
			AwakeInstancesAfterBackupRestoration (13ms)
Platform modules already initialized, skipping
Refreshing native plugins compatible for Editor in 0.80 ms, found 2 plugins.
Preloading 0 native plugins for Editor in 0.00 ms.
Unloading 1544 Unused Serialized files (Serialized files now loaded: 0)
System memory in use before: 88.7 MB.
System memory in use after: 88.8 MB.

Unloading 14 unused Assets to reduce memory usage. Loaded Objects now: 2077.
Total: 5.411800 ms (FindLiveObjects: 0.305900 ms CreateObjectMapping: 0.082200 ms MarkObjects: 4.981200 ms  DeleteObjects: 0.039900 ms)

AssetImportParameters requested are different than current active one (requested -> active):
  custom:framework-win-MediaFoundation: 216162199b28c13a410421893ffa2e32 -> 
  custom:video-decoder-ogg-theora: a1e56fd34408186e4bbccfd4996cb3dc -> 
  custom:container-muxer-webm: aa71ff27fc2769a1b78a27578f13a17b -> 
  custom:container-demuxer-webm: 4f35f7cbe854078d1ac9338744f61a02 -> 
  custom:container-demuxer-ogg: 62fdf1f143b41e24485cea50d1cbac27 -> 
  custom:video-encoder-webm-vp8: eb34c28f22e8b96e1ab97ce403110664 -> 
  custom:video-decoder-webm-vp8: 9c59270c3fd7afecdb556c50c9e8de78 -> 
  custom:audio-decoder-ogg-vorbis: bf7c407c2cedff20999df2af8eb42d56 -> 
  custom:audio-encoder-webm-vorbis: bf7c407c2cedff20999df2af8eb42d56 -> 
========================================================================
Received Prepare
Registering precompiled user dll's ...
Registered in 0.007815 seconds.
Begin MonoManager ReloadAssembly
Native extension for WindowsStandalone target not found
Native extension for WebGL target not found
Refreshing native plugins compatible for Editor in 0.82 ms, found 2 plugins.
Preloading 0 native plugins for Editor in 0.00 ms.
Mono: successfully reloaded assembly
- Completed reload, in  2.255 seconds
Domain Reload Profiling:
	ReloadAssembly (2256ms)
		BeginReloadAssembly (349ms)
			ExecutionOrderSort (0ms)
			DisableScriptedObjects (19ms)
			BackupInstance (0ms)
			ReleaseScriptingObjects (0ms)
			CreateAndSetChildDomain (92ms)
		EndReloadAssembly (1741ms)
			LoadAssemblies (285ms)
			RebuildTransferFunctionScriptingTraits (0ms)
			SetupTypeCache (628ms)
			ReleaseScriptCaches (2ms)
			RebuildScriptCaches (87ms)
			SetupLoadedEditorAssemblies (597ms)
				LogAssemblyErrors (0ms)
				InitializePlatformSupportModulesInManaged (15ms)
				SetLoadedEditorAssemblies (1ms)
				RefreshPlugins (1ms)
				BeforeProcessingInitializeOnLoad (157ms)
				ProcessInitializeOnLoadAttributes (387ms)
				ProcessInitializeOnLoadMethodAttributes (18ms)
				AfterProcessingInitializeOnLoad (17ms)
				EditorAssembliesLoaded (0ms)
			ExecutionOrderSort2 (0ms)
			AwakeInstancesAfterBackupRestoration (15ms)
Platform modules already initialized, skipping
Refreshing native plugins compatible for Editor in 0.80 ms, found 2 plugins.
Preloading 0 native plugins for Editor in 0.00 ms.
Unloading 1544 Unused Serialized files (Serialized files now loaded: 0)
System memory in use before: 88.7 MB.
System memory in use after: 88.8 MB.

Unloading 14 unused Assets to reduce memory usage. Loaded Objects now: 2079.
Total: 4.621600 ms (FindLiveObjects: 0.293400 ms CreateObjectMapping: 0.075400 ms MarkObjects: 4.213500 ms  DeleteObjects: 0.036300 ms)

AssetImportParameters requested are different than current active one (requested -> active):
  custom:framework-win-MediaFoundation: 216162199b28c13a410421893ffa2e32 -> 
  custom:video-decoder-ogg-theora: a1e56fd34408186e4bbccfd4996cb3dc -> 
  custom:container-muxer-webm: aa71ff27fc2769a1b78a27578f13a17b -> 
  custom:container-demuxer-webm: 4f35f7cbe854078d1ac9338744f61a02 -> 
  custom:container-demuxer-ogg: 62fdf1f143b41e24485cea50d1cbac27 -> 
  custom:video-encoder-webm-vp8: eb34c28f22e8b96e1ab97ce403110664 -> 
  custom:video-decoder-webm-vp8: 9c59270c3fd7afecdb556c50c9e8de78 -> 
  custom:audio-decoder-ogg-vorbis: bf7c407c2cedff20999df2af8eb42d56 -> 
  custom:audio-encoder-webm-vorbis: bf7c407c2cedff20999df2af8eb42d56 -> 
========================================================================
Received Prepare
Registering precompiled user dll's ...
Registered in 0.009615 seconds.
Begin MonoManager ReloadAssembly
Native extension for WindowsStandalone target not found
Native extension for WebGL target not found
Refreshing native plugins compatible for Editor in 0.76 ms, found 2 plugins.
Preloading 0 native plugins for Editor in 0.00 ms.
Mono: successfully reloaded assembly
- Completed reload, in  2.108 seconds
Domain Reload Profiling:
	ReloadAssembly (2109ms)
		BeginReloadAssembly (242ms)
			ExecutionOrderSort (0ms)
			DisableScriptedObjects (7ms)
			BackupInstance (0ms)
			ReleaseScriptingObjects (0ms)
			CreateAndSetChildDomain (64ms)
		EndReloadAssembly (1723ms)
			LoadAssemblies (236ms)
			RebuildTransferFunctionScriptingTraits (0ms)
			SetupTypeCache (685ms)
			ReleaseScriptCaches (2ms)
			RebuildScriptCaches (84ms)
			SetupLoadedEditorAssemblies (575ms)
				LogAssemblyErrors (0ms)
				InitializePlatformSupportModulesInManaged (15ms)
				SetLoadedEditorAssemblies (1ms)
				RefreshPlugins (1ms)
				BeforeProcessingInitializeOnLoad (147ms)
				ProcessInitializeOnLoadAttributes (378ms)
				ProcessInitializeOnLoadMethodAttributes (16ms)
				AfterProcessingInitializeOnLoad (17ms)
				EditorAssembliesLoaded (0ms)
			ExecutionOrderSort2 (0ms)
			AwakeInstancesAfterBackupRestoration (13ms)
Platform modules already initialized, skipping
Refreshing native plugins compatible for Editor in 0.88 ms, found 2 plugins.
Preloading 0 native plugins for Editor in 0.00 ms.
Unloading 1544 Unused Serialized files (Serialized files now loaded: 0)
System memory in use before: 88.7 MB.
System memory in use after: 88.8 MB.

Unloading 14 unused Assets to reduce memory usage. Loaded Objects now: 2081.
Total: 5.646500 ms (FindLiveObjects: 0.331700 ms CreateObjectMapping: 0.148000 ms MarkObjects: 5.112900 ms  DeleteObjects: 0.050800 ms)

AssetImportParameters requested are different than current active one (requested -> active):
  custom:framework-win-MediaFoundation: 216162199b28c13a410421893ffa2e32 -> 
  custom:video-decoder-ogg-theora: a1e56fd34408186e4bbccfd4996cb3dc -> 
  custom:container-muxer-webm: aa71ff27fc2769a1b78a27578f13a17b -> 
  custom:container-demuxer-webm: 4f35f7cbe854078d1ac9338744f61a02 -> 
  custom:container-demuxer-ogg: 62fdf1f143b41e24485cea50d1cbac27 -> 
  custom:video-encoder-webm-vp8: eb34c28f22e8b96e1ab97ce403110664 -> 
  custom:video-decoder-webm-vp8: 9c59270c3fd7afecdb556c50c9e8de78 -> 
  custom:audio-decoder-ogg-vorbis: bf7c407c2cedff20999df2af8eb42d56 -> 
  custom:audio-encoder-webm-vorbis: bf7c407c2cedff20999df2af8eb42d56 -> 
========================================================================
Received Prepare
Registering precompiled user dll's ...
Registered in 0.008015 seconds.
Begin MonoManager ReloadAssembly
Native extension for WindowsStandalone target not found
Native extension for WebGL target not found
Refreshing native plugins compatible for Editor in 0.75 ms, found 2 plugins.
Preloading 0 native plugins for Editor in 0.00 ms.
Mono: successfully reloaded assembly
- Completed reload, in  2.177 seconds
Domain Reload Profiling:
	ReloadAssembly (2178ms)
		BeginReloadAssembly (293ms)
			ExecutionOrderSort (0ms)
			DisableScriptedObjects (11ms)
			BackupInstance (0ms)
			ReleaseScriptingObjects (0ms)
			CreateAndSetChildDomain (74ms)
		EndReloadAssembly (1713ms)
			LoadAssemblies (249ms)
			RebuildTransferFunctionScriptingTraits (0ms)
			SetupTypeCache (633ms)
			ReleaseScriptCaches (1ms)
			RebuildScriptCaches (93ms)
			SetupLoadedEditorAssemblies (603ms)
				LogAssemblyErrors (0ms)
				InitializePlatformSupportModulesInManaged (11ms)
				SetLoadedEditorAssemblies (1ms)
				RefreshPlugins (1ms)
				BeforeProcessingInitializeOnLoad (164ms)
				ProcessInitializeOnLoadAttributes (392ms)
				ProcessInitializeOnLoadMethodAttributes (16ms)
				AfterProcessingInitializeOnLoad (18ms)
				EditorAssembliesLoaded (0ms)
			ExecutionOrderSort2 (0ms)
			AwakeInstancesAfterBackupRestoration (13ms)
Platform modules already initialized, skipping
Refreshing native plugins compatible for Editor in 0.75 ms, found 2 plugins.
Preloading 0 native plugins for Editor in 0.00 ms.
Unloading 1544 Unused Serialized files (Serialized files now loaded: 0)
System memory in use before: 88.7 MB.
System memory in use after: 88.8 MB.

Unloading 14 unused Assets to reduce memory usage. Loaded Objects now: 2083.
Total: 5.043700 ms (FindLiveObjects: 0.296900 ms CreateObjectMapping: 0.078400 ms MarkObjects: 4.601500 ms  DeleteObjects: 0.062900 ms)

AssetImportParameters requested are different than current active one (requested -> active):
  custom:framework-win-MediaFoundation: 216162199b28c13a410421893ffa2e32 -> 
  custom:video-decoder-ogg-theora: a1e56fd34408186e4bbccfd4996cb3dc -> 
  custom:container-muxer-webm: aa71ff27fc2769a1b78a27578f13a17b -> 
  custom:container-demuxer-webm: 4f35f7cbe854078d1ac9338744f61a02 -> 
  custom:container-demuxer-ogg: 62fdf1f143b41e24485cea50d1cbac27 -> 
  custom:video-encoder-webm-vp8: eb34c28f22e8b96e1ab97ce403110664 -> 
  custom:video-decoder-webm-vp8: 9c59270c3fd7afecdb556c50c9e8de78 -> 
  custom:audio-decoder-ogg-vorbis: bf7c407c2cedff20999df2af8eb42d56 -> 
  custom:audio-encoder-webm-vorbis: bf7c407c2cedff20999df2af8eb42d56 -> 
AssetImportWorkerClient::OnTransportError - code=2 error=End of file
